[01-12-2023 18:06:19] error: 	ERROR
[12-12-2023 17:06:34] error: 	ERROR
[18-12-2023 16:00:51] error: 	ERROR
[19-12-2023 18:04:56] error: 	ERROR
[19-12-2023 18:04:58] error: 	ERROR
[16-01-2024 12:33:01] error: 	ERROR
[17-01-2024 16:14:16] error: 	ERROR
[17-01-2024 16:14:51] error: 	ERROR
[18-01-2024 16:48:23] error: 	ERROR
[18-01-2024 16:48:26] error: 	ERROR
[18-01-2024 16:48:30] error: 	ERROR
[18-01-2024 18:13:53] error: 	ERROR
[19-01-2024 11:39:57] error: 	ERROR
[19-01-2024 11:41:19] error: 	ERROR
[19-01-2024 12:21:18] error: 	ERROR
[19-01-2024 12:21:36] error: 	ERROR
[19-01-2024 12:23:24] error: 	ERROR
[19-01-2024 12:25:12] error: 	ERROR
[19-01-2024 19:20:30] error: 	ERROR
[19-01-2024 19:20:47] error: 	ERROR
[23-01-2024 18:49:35] error: 	ERROR
[26-01-2024 15:03:33] error: 	ERROR
[29-01-2024 18:23:21] error: 	ERROR
[30-01-2024 17:38:15] error: 	ERROR
[30-01-2024 17:44:43] error: 	ERROR
[30-01-2024 17:44:46] error: 	ERROR
[30-01-2024 17:48:42] error: 	ERROR
[30-01-2024 18:34:32] error: 	ERROR
[30-01-2024 18:43:59] error: 	ERROR
[30-01-2024 18:45:09] error: 	ERROR
[30-01-2024 18:45:19] error: 	ERROR
[30-01-2024 18:45:21] error: 	ERROR
[30-01-2024 18:45:24] error: 	ERROR
[30-01-2024 18:45:26] error: 	ERROR
[30-01-2024 18:45:29] error: 	ERROR
[30-01-2024 18:50:38] error: 	ERROR
[30-01-2024 18:50:43] error: 	ERROR
[30-01-2024 18:53:04] error: 	ERROR
[30-01-2024 18:53:08] error: 	ERROR
[30-01-2024 18:53:16] error: 	ERROR
[30-01-2024 18:53:18] error: 	ERROR
[30-01-2024 18:53:19] error: 	ERROR
[30-01-2024 18:53:24] error: 	ERROR
[31-01-2024 16:36:25] error: 	ERROR
[31-01-2024 16:36:42] error: 	ERROR
[01-02-2024 11:38:19] error: 	ERROR
[01-02-2024 11:46:59] error: 	ERROR
[01-02-2024 11:47:02] error: 	ERROR
[01-02-2024 11:47:04] error: 	ERROR
[01-02-2024 11:47:09] error: 	ERROR
[02-02-2024 12:10:56] error: 	ERROR
[02-02-2024 12:11:59] error: 	ERROR
[02-02-2024 18:21:03] error: 	ERROR
[02-02-2024 18:21:09] error: 	ERROR
[05-02-2024 15:56:44] error: 	ERROR
[05-02-2024 15:59:50] error: 	ERROR
[05-02-2024 15:59:53] error: 	ERROR
[06-02-2024 11:30:23] error: 	ERROR
[06-02-2024 11:32:36] error: 	ERROR
[08-02-2024 10:50:27] error: 	ERROR
[08-02-2024 10:50:51] error: 	ERROR
[08-02-2024 10:51:49] error: 	ERROR
[09-02-2024 10:33:10] error: 	ERROR
[20-02-2024 16:55:09] error: 	ERROR
[20-02-2024 16:55:23] error: 	ERROR
[21-02-2024 10:23:25] error: 	ERROR
[21-02-2024 10:23:31] error: 	ERROR
[22-02-2024 11:51:34] error: 	ERROR
[22-02-2024 11:56:41] error: 	ERROR
[23-02-2024 10:50:51] error: 	ERROR
[23-02-2024 10:51:08] error: 	ERROR
[23-02-2024 10:51:25] error: 	ERROR
[27-02-2024 16:00:47] error: 	ERROR
[27-02-2024 16:00:53] error: 	ERROR
[05-03-2024 17:24:32] error: 	ERROR
[05-03-2024 17:29:16] error: 	ERROR
[06-03-2024 19:05:59] error: 	ERROR
[06-03-2024 19:06:07] error: 	ERROR
[07-03-2024 19:05:01] error: 	ERROR
[07-03-2024 19:05:06] error: 	ERROR
[08-03-2024 11:15:32] error: 	ERROR
[08-03-2024 11:16:17] error: 	ERROR
[10-03-2024 17:03:25] error: 	ERROR
[10-03-2024 17:18:03] error: 	ERROR
[11-03-2024 14:50:16] error: 	ERROR
[13-03-2024 16:15:00] error: 	ERROR
[13-03-2024 16:15:07] error: 	ERROR
[15-03-2024 15:03:24] error: 	ERROR
[15-03-2024 15:47:00] error: 	ERROR
[15-03-2024 15:47:05] error: 	ERROR
[18-03-2024 14:12:44] error: 	Caught exception: Error: listen EADDRINUSE: address already in use :::5005. Exception origin: uncaughtException
[18-03-2024 14:13:21] error: 	ERROR
[18-03-2024 14:13:28] error: 	ERROR
[19-03-2024 14:49:17] error: 	ERROR
[20-03-2024 17:19:40] error: 	ERROR
[20-03-2024 17:21:53] error: 	ERROR
[21-03-2024 10:35:22] error: 	ERROR
[21-03-2024 10:35:30] error: 	ERROR
[21-03-2024 13:07:33] error: 	Error validating the password reset token:  validateToken is not defined
[21-03-2024 15:54:26] error: 	jwt malformed
[21-03-2024 15:54:35] error: 	jwt malformed
[22-03-2024 10:55:47] error: 	ERROR
[25-03-2024 16:13:43] error: 	ERROR
[25-03-2024 16:14:31] error: 	ERROR
[26-03-2024 14:02:22] error: 	ERROR
[26-03-2024 14:02:27] error: 	ERROR
[27-03-2024 16:21:39] error: 	ERROR
[27-03-2024 16:24:23] error: 	ERROR
[02-04-2024 10:25:12] error: 	ERROR
[02-04-2024 10:28:58] error: 	ERROR
[03-04-2024 10:27:44] error: 	ERROR
[03-04-2024 11:23:00] error: 	ERROR
[03-04-2024 11:24:31] error: 	ERROR
[03-04-2024 11:34:44] error: 	ERROR
[03-04-2024 13:05:43] error: 	ERROR
[03-04-2024 17:03:34] error: 	Error rietriving user in the database.  sendPswResetEmail is not defined
[09-04-2024 16:05:56] error: 	ERROR
[09-04-2024 16:06:07] error: 	ERROR
[10-04-2024 15:01:44] error: 	ERROR
[10-04-2024 15:03:44] error: 	ERROR
[10-04-2024 15:04:12] error: 	ERROR
[10-04-2024 15:24:51] error: 	ERROR
[10-04-2024 15:35:32] error: 	ERROR
