[01-12-2023 17:39:45] error: 	uncaughtException: require is not defined in ES module scope, you can use import instead
This file is being treated as an ES module because it has a '.js' file extension and '/Users/giuliacolombo/Documents/Giulia/coding-projects/two-minute-mornings/server/package.json' contains "type": "module". To treat it as a CommonJS script, rename it to use the '.cjs' file extension.
ReferenceError: require is not defined in ES module scope, you can use import instead
This file is being treated as an ES module because it has a '.js' file extension and '/Users/giuliacolombo/Documents/Giulia/coding-projects/two-minute-mornings/server/package.json' contains "type": "module". To treat it as a CommonJS script, rename it to use the '.cjs' file extension.
    at file:///Users/giuliacolombo/Documents/Giulia/coding-projects/two-minute-mornings/server/models/User.model.js:1:27
    at ModuleJob.run (node:internal/modules/esm/module_job:193:25)
    at async Promise.all (index 0)
    at async ESMLoader.import (node:internal/modules/esm/loader:530:24)
    at async loadESM (node:internal/process/esm_loader:91:5)
    at async handleMainPromise (node:internal/modules/run_main:65:12)
[01-12-2023 17:40:09] error: 	uncaughtException: require is not defined in ES module scope, you can use import instead
This file is being treated as an ES module because it has a '.js' file extension and '/Users/giuliacolombo/Documents/Giulia/coding-projects/two-minute-mornings/server/package.json' contains "type": "module". To treat it as a CommonJS script, rename it to use the '.cjs' file extension.
ReferenceError: require is not defined in ES module scope, you can use import instead
This file is being treated as an ES module because it has a '.js' file extension and '/Users/giuliacolombo/Documents/Giulia/coding-projects/two-minute-mornings/server/package.json' contains "type": "module". To treat it as a CommonJS script, rename it to use the '.cjs' file extension.
    at file:///Users/giuliacolombo/Documents/Giulia/coding-projects/two-minute-mornings/server/models/User.model.js:1:27
    at ModuleJob.run (node:internal/modules/esm/module_job:193:25)
    at async Promise.all (index 0)
    at async ESMLoader.import (node:internal/modules/esm/loader:530:24)
    at async loadESM (node:internal/process/esm_loader:91:5)
    at async handleMainPromise (node:internal/modules/run_main:65:12)
[01-12-2023 17:41:48] error: 	uncaughtException: stats is not defined
ReferenceError: stats is not defined
    at file:///Users/giuliacolombo/Documents/Giulia/coding-projects/two-minute-mornings/server/stats/stats.js:258:16
    at ModuleJob.run (node:internal/modules/esm/module_job:193:25)
    at async Promise.all (index 0)
    at async ESMLoader.import (node:internal/modules/esm/loader:530:24)
    at async loadESM (node:internal/process/esm_loader:91:5)
    at async handleMainPromise (node:internal/modules/run_main:65:12)
[18-03-2024 14:12:44] error: 	uncaughtException: listen EADDRINUSE: address already in use :::5005
Error: listen EADDRINUSE: address already in use :::5005
    at Server.setupListenHandle [as _listen2] (node:net:1485:16)
    at listenInCluster (node:net:1533:12)
    at Server.listen (node:net:1621:7)
    at Function.listen (/Users/giuliacolombo/Documents/Giulia/coding-projects/two-minute-mornings/server/node_modules/express/lib/application.js:635:24)
    at file:///Users/giuliacolombo/Documents/Giulia/coding-projects/two-minute-mornings/server/server.js:8:5
    at ModuleJob.run (node:internal/modules/esm/module_job:193:25)
    at async Promise.all (index 0)
    at async ESMLoader.import (node:internal/modules/esm/loader:530:24)
    at async loadESM (node:internal/process/esm_loader:91:5)
    at async handleMainPromise (node:internal/modules/run_main:65:12)
[19-03-2024 14:39:34] error: 	uncaughtException: module is not defined in ES module scope
This file is being treated as an ES module because it has a '.js' file extension and '/Users/giuliacolombo/Documents/Giulia/coding-projects/two-minute-mornings/server/package.json' contains "type": "module". To treat it as a CommonJS script, rename it to use the '.cjs' file extension.
ReferenceError: module is not defined in ES module scope
This file is being treated as an ES module because it has a '.js' file extension and '/Users/giuliacolombo/Documents/Giulia/coding-projects/two-minute-mornings/server/package.json' contains "type": "module". To treat it as a CommonJS script, rename it to use the '.cjs' file extension.
    at file:///Users/giuliacolombo/Documents/Giulia/coding-projects/two-minute-mornings/server/middleware/jwt.middleware.js:29:1
    at ModuleJob.run (node:internal/modules/esm/module_job:193:25)
    at async Promise.all (index 0)
    at async ESMLoader.import (node:internal/modules/esm/loader:530:24)
    at async loadESM (node:internal/process/esm_loader:91:5)
    at async handleMainPromise (node:internal/modules/run_main:65:12)
[19-03-2024 14:42:39] error: 	uncaughtException: module is not defined in ES module scope
This file is being treated as an ES module because it has a '.js' file extension and '/Users/giuliacolombo/Documents/Giulia/coding-projects/two-minute-mornings/server/package.json' contains "type": "module". To treat it as a CommonJS script, rename it to use the '.cjs' file extension.
ReferenceError: module is not defined in ES module scope
This file is being treated as an ES module because it has a '.js' file extension and '/Users/giuliacolombo/Documents/Giulia/coding-projects/two-minute-mornings/server/package.json' contains "type": "module". To treat it as a CommonJS script, rename it to use the '.cjs' file extension.
    at file:///Users/giuliacolombo/Documents/Giulia/coding-projects/two-minute-mornings/server/middleware/jwt.middleware.js:29:1
    at ModuleJob.run (node:internal/modules/esm/module_job:193:25)
    at async Promise.all (index 0)
    at async ESMLoader.import (node:internal/modules/esm/loader:530:24)
    at async loadESM (node:internal/process/esm_loader:91:5)
    at async handleMainPromise (node:internal/modules/run_main:65:12)
[19-03-2024 14:45:10] error: 	uncaughtException: module is not defined in ES module scope
This file is being treated as an ES module because it has a '.js' file extension and '/Users/giuliacolombo/Documents/Giulia/coding-projects/two-minute-mornings/server/package.json' contains "type": "module". To treat it as a CommonJS script, rename it to use the '.cjs' file extension.
ReferenceError: module is not defined in ES module scope
This file is being treated as an ES module because it has a '.js' file extension and '/Users/giuliacolombo/Documents/Giulia/coding-projects/two-minute-mornings/server/package.json' contains "type": "module". To treat it as a CommonJS script, rename it to use the '.cjs' file extension.
    at file:///Users/giuliacolombo/Documents/Giulia/coding-projects/two-minute-mornings/server/middleware/jwt.middleware.js:29:1
    at ModuleJob.run (node:internal/modules/esm/module_job:193:25)
    at async Promise.all (index 0)
    at async ESMLoader.import (node:internal/modules/esm/loader:530:24)
    at async loadESM (node:internal/process/esm_loader:91:5)
    at async handleMainPromise (node:internal/modules/run_main:65:12)
[12-04-2024 10:25:00] error: 	uncaughtException: FRONTEND_URL is not defined
ReferenceError: FRONTEND_URL is not defined
    at default (file:///Users/giuliacolombo/Documents/Giulia/coding-projects/two-minute-mornings/server/config/index.js:32:15)
    at file:///Users/giuliacolombo/Documents/Giulia/coding-projects/two-minute-mornings/server/app.js:30:1
    at ModuleJob.run (node:internal/modules/esm/module_job:193:25)
    at async Promise.all (index 0)
    at async ESMLoader.import (node:internal/modules/esm/loader:530:24)
    at async loadESM (node:internal/process/esm_loader:91:5)
    at async handleMainPromise (node:internal/modules/run_main:65:12)
